 -1.670132e+001  -1.751728e+001 
 -1.754070e+001  -1.824992e+001 
 -1.754070e+001  -1.824992e+001 
 -1.754070e+001  -1.824992e+001 
 -1.754070e+001  -1.824992e+001 
 -1.761568e+001  -1.824992e+001 
 -1.848286e+001  -1.824992e+001 
 -1.904958e+001  -1.824992e+001 
 -1.904958e+001  -1.824992e+001 
 -1.904958e+001  -1.824992e+001 
 -1.904958e+001  -1.824992e+001 
 -1.939642e+001  -1.833685e+001 
 -1.939642e+001  -1.833685e+001 
 -1.939642e+001  -1.833685e+001 
 -1.939642e+001  -1.833685e+001 
 -1.939642e+001  -1.833685e+001 
 -1.939642e+001  -1.880495e+001 
 -1.939642e+001  -1.880495e+001 
 -1.939642e+001  -1.883684e+001 
 -1.939642e+001  -1.883684e+001 
 -1.939642e+001  -1.883684e+001 
 -1.939642e+001  -1.883684e+001 
 -1.939642e+001  -1.883684e+001 
 -1.939642e+001  -1.883684e+001 
 -1.939642e+001  -1.883684e+001 
 -1.939642e+001  -1.883684e+001 
 -1.939642e+001  -1.883684e+001 
 -1.939642e+001  -1.883684e+001 
 -1.939642e+001  -1.883684e+001 
 -1.939642e+001  -1.883684e+001 
 -1.939642e+001  -1.883684e+001 
 -1.939642e+001  -1.883684e+001 
 -1.939642e+001  -1.887197e+001 
 -1.939642e+001  -1.887197e+001 
 -1.939642e+001  -1.887197e+001 
 -1.939642e+001  -1.887452e+001 
 -1.939642e+001  -1.887452e+001 
 -1.939642e+001  -1.887452e+001 
 -1.939642e+001  -1.887452e+001 
 -1.939642e+001  -1.887452e+001 
 -1.939642e+001  -1.887452e+001 
 -1.939642e+001  -1.887452e+001 
 -1.939642e+001  -1.892626e+001 
 -1.939642e+001  -1.892626e+001 
 -1.939642e+001  -1.892626e+001 
 -1.939642e+001  -1.892626e+001 
 -1.939642e+001  -1.892626e+001 
 -1.939642e+001  -1.892626e+001 
 -1.939642e+001  -1.892626e+001 
 -1.939642e+001  -1.925095e+001 
 -1.939642e+001  -1.925095e+001 
 -1.939642e+001  -1.925095e+001 
 -1.939642e+001  -1.925095e+001 
 -1.939642e+001  -1.925095e+001 
 -1.939642e+001  -1.925095e+001 
 -1.939642e+001  -1.961836e+001 
 -1.955512e+001  -1.961836e+001 
 -1.955512e+001  -1.961836e+001 
 -1.955512e+001  -1.961836e+001 
 -1.955512e+001  -1.961836e+001 
 -1.955512e+001  -1.961836e+001 
 -1.955512e+001  -1.961836e+001 
 -1.955512e+001  -1.961836e+001 
 -1.955512e+001  -1.961836e+001 
 -1.955512e+001  -1.961836e+001 
 -1.955512e+001  -1.961836e+001 
 -1.955512e+001  -1.961836e+001 
 -1.955512e+001  -1.961836e+001 
 -1.955512e+001  -1.961836e+001 
 -1.955512e+001  -1.961836e+001 
 -1.955512e+001  -1.977886e+001 
 -1.955512e+001  -1.977886e+001 
 -1.955512e+001  -1.977886e+001 
 -1.955512e+001  -1.977886e+001 
 -1.955512e+001  -1.977886e+001 
 -1.955512e+001  -1.977886e+001 
 -1.955512e+001  -1.977886e+001 
 -1.955512e+001  -1.977886e+001 
 -1.955512e+001  -1.977886e+001 
 -1.955512e+001  -1.977886e+001 
 -1.955512e+001  -1.977886e+001 
 -1.955512e+001  -1.977886e+001 
 -1.955512e+001  -1.997094e+001 
 -1.955512e+001  -1.997094e+001 
 -1.955512e+001  -1.997094e+001 
 -1.955512e+001  -1.997094e+001 
 -1.955512e+001  -1.997094e+001 
 -1.955512e+001  -1.997094e+001 
 -1.955512e+001  -1.997094e+001 
 -1.955512e+001  -1.997094e+001 
 -1.955512e+001  -1.997094e+001 
 -1.955512e+001  -1.997094e+001 
 -1.955512e+001  -1.997094e+001 
 -1.955512e+001  -1.997094e+001 
 -1.955512e+001  -1.997094e+001 
 -1.955512e+001  -2.031730e+001 
 -1.955512e+001  -2.031730e+001 
 -1.955512e+001  -2.031730e+001 
 -1.955512e+001  -2.031730e+001 
 -1.955512e+001  -2.031730e+001 
 -1.955512e+001  -2.031730e+001 
 -1.955512e+001  -2.031730e+001 
 -1.955512e+001  -2.031730e+001 
 -1.955512e+001  -2.033610e+001 
 -1.955512e+001  -2.033610e+001 
 -1.955512e+001  -2.033610e+001 
 -1.955512e+001  -2.033610e+001 
 -1.955512e+001  -2.033610e+001 
 -1.955512e+001  -2.033610e+001 
 -1.955512e+001  -2.033610e+001 
 -1.955512e+001  -2.033610e+001 
 -1.955512e+001  -2.033610e+001 
 -1.955512e+001  -2.033610e+001 
 -1.955512e+001  -2.033610e+001 
 -1.982490e+001  -2.033610e+001 
 -1.982490e+001  -2.033610e+001 
 -1.982490e+001  -2.042387e+001 
 -1.982490e+001  -2.042387e+001 
 -1.982490e+001  -2.042387e+001 
 -1.982490e+001  -2.042387e+001 
 -1.982490e+001  -2.042387e+001 
 -1.982490e+001  -2.042387e+001 
 -1.982490e+001  -2.042387e+001 
 -2.021175e+001  -2.042387e+001 
 -2.021175e+001  -2.042387e+001 
 -2.021175e+001  -2.042387e+001 
 -2.021175e+001  -2.042387e+001 
 -2.021175e+001  -2.042387e+001 
 -2.021175e+001  -2.042387e+001 
 -2.021175e+001  -2.042387e+001 
 -2.021175e+001  -2.042387e+001 
 -2.035207e+001  -2.042387e+001 
 -2.035207e+001  -2.042387e+001 
 -2.035207e+001  -2.042387e+001 
 -2.035207e+001  -2.042387e+001 
 -2.035207e+001  -2.042387e+001 
 -2.035207e+001  -2.042387e+001 
 -2.035207e+001  -2.042387e+001 
 -2.035207e+001  -2.042387e+001 
 -2.035207e+001  -2.042387e+001 
 -2.035207e+001  -2.042387e+001 
 -2.035207e+001  -2.042387e+001 
 -2.035207e+001  -2.042387e+001 
 -2.035207e+001  -2.042387e+001 
 -2.035207e+001  -2.042387e+001 
 -2.035207e+001  -2.042387e+001 
 -2.035207e+001  -2.042387e+001 
 -2.046499e+001  -2.042387e+001 
 -2.046499e+001  -2.042387e+001 
 -2.046499e+001  -2.042387e+001 
 -2.046499e+001  -2.042387e+001 
 -2.046499e+001  -2.042387e+001 
 -2.046499e+001  -2.042387e+001 
 -2.063152e+001  -2.042387e+001 
 -2.063152e+001  -2.042387e+001 
 -2.063152e+001  -2.057230e+001 
 -2.063152e+001  -2.057230e+001 
 -2.063152e+001  -2.057230e+001 
 -2.063152e+001  -2.057230e+001 
 -2.063152e+001  -2.057230e+001 
 -2.063152e+001  -2.057230e+001 
 -2.063152e+001  -2.057230e+001 
 -2.063152e+001  -2.057230e+001 
 -2.063152e+001  -2.057230e+001 
 -2.063152e+001  -2.057230e+001 
 -2.063152e+001  -2.057230e+001 
 -2.063152e+001  -2.057230e+001 
 -2.063152e+001  -2.057230e+001 
 -2.063152e+001  -2.057230e+001 
 -2.063152e+001  -2.057230e+001 
 -2.063152e+001  -2.057230e+001 
 -2.063152e+001  -2.057230e+001 
 -2.063152e+001  -2.057230e+001 
 -2.063152e+001  -2.057230e+001 
 -2.063152e+001  -2.057230e+001 
 -2.063152e+001  -2.057230e+001 
 -2.063152e+001  -2.057230e+001 
 -2.063152e+001  -2.057230e+001 
 -2.063152e+001  -2.057230e+001 
 -2.063152e+001  -2.057230e+001 
 -2.063152e+001  -2.057230e+001 
 -2.063152e+001  -2.057230e+001 
 -2.063152e+001  -2.057230e+001 
 -2.063152e+001  -2.057230e+001 
 -2.063152e+001  -2.057230e+001 
 -2.063152e+001  -2.096762e+001 
 -2.063152e+001  -2.096762e+001 
 -2.063152e+001  -2.096762e+001 
 -2.063152e+001  -2.096762e+001 
 -2.063152e+001  -2.096762e+001 
 -2.082590e+001  -2.096762e+001 
 -2.093780e+001  -2.096762e+001 
 -2.093780e+001  -2.096762e+001 
 -2.093780e+001  -2.096762e+001 
 -2.093780e+001  -2.096762e+001 
 -2.093780e+001  -2.096762e+001 
 -2.093780e+001  -2.096762e+001 
 -2.093780e+001  -2.096762e+001 
 -2.093780e+001  -2.096762e+001 
 -2.093780e+001  -2.096762e+001 
 -2.093780e+001  -2.096762e+001 
 -2.093867e+001  -2.096762e+001 
 -2.093867e+001  -2.096762e+001 
 -2.093867e+001  -2.096762e+001 
 -2.093867e+001  -2.096762e+001 
 -2.093867e+001  -2.096762e+001 
 -2.093867e+001  -2.096762e+001 
 -2.093867e+001  -2.096762e+001 
 -2.093867e+001  -2.096762e+001 
 -2.093867e+001  -2.096762e+001 
 -2.093867e+001  -2.096762e+001 
 -2.093867e+001  -2.096762e+001 
 -2.093867e+001  -2.096762e+001 
 -2.128848e+001  -2.096762e+001 
 -2.128848e+001  -2.096762e+001 
 -2.128848e+001  -2.096762e+001 
 -2.128848e+001  -2.096762e+001 
 -2.128848e+001  -2.096762e+001 
 -2.128848e+001  -2.096762e+001 
 -2.128848e+001  -2.096762e+001 
 -2.128848e+001  -2.096762e+001 
 -2.128848e+001  -2.096762e+001 
 -2.128848e+001  -2.096762e+001 
 -2.128848e+001  -2.096762e+001 
 -2.128848e+001  -2.096762e+001 
 -2.128848e+001  -2.096762e+001 
 -2.128848e+001  -2.096762e+001 
 -2.128848e+001  -2.100794e+001 
 -2.128848e+001  -2.100794e+001 
 -2.128848e+001  -2.100794e+001 
 -2.128848e+001  -2.100794e+001 
 -2.128848e+001  -2.100794e+001 
 -2.128848e+001  -2.100794e+001 
 -2.128848e+001  -2.100794e+001 
 -2.128848e+001  -2.100794e+001 
 -2.128848e+001  -2.100794e+001 
 -2.128848e+001  -2.100794e+001 
 -2.128848e+001  -2.100794e+001 
 -2.128848e+001  -2.100794e+001 
 -2.128848e+001  -2.100794e+001 
 -2.128848e+001  -2.100794e+001 
 -2.158732e+001  -2.100794e+001 
 -2.158732e+001  -2.100794e+001 
 -2.158732e+001  -2.100794e+001 
 -2.158732e+001  -2.100794e+001 
 -2.158732e+001  -2.100794e+001 
 -2.158732e+001  -2.100794e+001 
 -2.158732e+001  -2.100794e+001 
 -2.158732e+001  -2.100794e+001 
 -2.158732e+001  -2.110189e+001 
 -2.163529e+001  -2.110189e+001 
 -2.163529e+001  -2.110189e+001 
 -2.163529e+001  -2.110189e+001 
 -2.163529e+001  -2.111053e+001 
 -2.163529e+001  -2.111053e+001 
 -2.163529e+001  -2.111053e+001 
 -2.163529e+001  -2.111053e+001 
 -2.163529e+001  -2.111053e+001 
 -2.163529e+001  -2.111053e+001 
 -2.163529e+001  -2.111053e+001 
 -2.172181e+001  -2.121814e+001 
 -2.172181e+001  -2.121814e+001 
 -2.172181e+001  -2.121814e+001 
 -2.172181e+001  -2.121814e+001 
 -2.172181e+001  -2.121814e+001 
 -2.172181e+001  -2.121814e+001 
 -2.172181e+001  -2.163350e+001 
 -2.172181e+001  -2.183542e+001 
 -2.172181e+001  -2.183542e+001 
 -2.172181e+001  -2.183542e+001 
 -2.172181e+001  -2.183542e+001 
 -2.172181e+001  -2.183542e+001 
 -2.172181e+001  -2.183542e+001 
 -2.172181e+001  -2.183542e+001 
 -2.172181e+001  -2.183542e+001 
 -2.172181e+001  -2.183542e+001 
 -2.172181e+001  -2.183542e+001 
 -2.172181e+001  -2.183542e+001 
 -2.172181e+001  -2.183542e+001 
 -2.172181e+001  -2.183542e+001 
 -2.172181e+001  -2.183542e+001 
 -2.172181e+001  -2.183542e+001 
 -2.172181e+001  -2.183542e+001 
 -2.172181e+001  -2.183542e+001 
 -2.172181e+001  -2.183542e+001 
 -2.172181e+001  -2.183542e+001 
 -2.189215e+001  -2.183542e+001 
 -2.189215e+001  -2.183542e+001 
 -2.189215e+001  -2.183542e+001 
 -2.189215e+001  -2.183542e+001 
 -2.189215e+001  -2.183542e+001 
 -2.189215e+001  -2.183542e+001 
 -2.189215e+001  -2.183542e+001 
 -2.189215e+001  -2.183542e+001 
 -2.189215e+001  -2.183542e+001 
 -2.189215e+001  -2.183542e+001 
 -2.190562e+001  -2.183542e+001 
 -2.190562e+001  -2.183542e+001 
 -2.190562e+001  -2.229965e+001 
 -2.190562e+001  -2.229965e+001 
 -2.190562e+001  -2.229965e+001 
 -2.190562e+001  -2.229965e+001 
 -2.190562e+001  -2.229965e+001 
 -2.190562e+001  -2.229965e+001 
 -2.190562e+001  -2.229965e+001 
 -2.190562e+001  -2.229965e+001 
 -2.190562e+001  -2.229965e+001 
 -2.190650e+001  -2.229965e+001 
 -2.190650e+001  -2.229965e+001 
 -2.190650e+001  -2.229965e+001 
 -2.190650e+001  -2.229965e+001 
 -2.190650e+001  -2.229965e+001 
 -2.190650e+001  -2.229965e+001 
 -2.190650e+001  -2.229965e+001 
 -2.190650e+001  -2.229965e+001 
 -2.190650e+001  -2.229965e+001 
 -2.190650e+001  -2.229965e+001 
 -2.190650e+001  -2.229965e+001 
 -2.190650e+001  -2.229965e+001 
 -2.190650e+001  -2.229965e+001 
 -2.190650e+001  -2.229965e+001 
 -2.190650e+001  -2.229965e+001 
 -2.190650e+001  -2.229965e+001 
 -2.230878e+001  -2.229965e+001 
 -2.230878e+001  -2.229965e+001 
 -2.230878e+001  -2.229965e+001 
 -2.230878e+001  -2.229965e+001 
 -2.230878e+001  -2.229965e+001 
 -2.230878e+001  -2.229965e+001 
 -2.230878e+001  -2.229965e+001 
 -2.230878e+001  -2.229965e+001 
 -2.230878e+001  -2.229965e+001 
 -2.230878e+001  -2.229965e+001 
 -2.230878e+001  -2.229965e+001 
 -2.230878e+001  -2.229965e+001 
 -2.230878e+001  -2.229965e+001 
 -2.230878e+001  -2.229965e+001 
 -2.230878e+001  -2.229965e+001 
 -2.230878e+001  -2.229965e+001 
 -2.230878e+001  -2.229965e+001 
 -2.230878e+001  -2.229965e+001 
 -2.230878e+001  -2.229965e+001 
 -2.230878e+001  -2.229965e+001 
 -2.230878e+001  -2.229965e+001 
 -2.230878e+001  -2.229965e+001 
 -2.230878e+001  -2.231471e+001 
 -2.230878e+001  -2.231471e+001 
 -2.230878e+001  -2.231471e+001 
 -2.230878e+001  -2.231471e+001 
 -2.230878e+001  -2.231471e+001 
 -2.230878e+001  -2.231471e+001 
 -2.230878e+001  -2.231471e+001 
 -2.230878e+001  -2.231471e+001 
 -2.230878e+001  -2.231471e+001 
 -2.230878e+001  -2.231471e+001 
 -2.230878e+001  -2.231471e+001 
 -2.230878e+001  -2.231471e+001 
 -2.230878e+001  -2.231471e+001 
 -2.230878e+001  -2.244306e+001 
 -2.230878e+001  -2.244306e+001 
 -2.230878e+001  -2.244306e+001 
 -2.230878e+001  -2.244306e+001 
 -2.230878e+001  -2.244306e+001 
 -2.230878e+001  -2.244306e+001 
 -2.230878e+001  -2.244306e+001 
 -2.230878e+001  -2.244306e+001 
 -2.230878e+001  -2.244306e+001 
 -2.230878e+001  -2.244306e+001 
 -2.230878e+001  -2.244306e+001 
 -2.230878e+001  -2.244310e+001 
 -2.230878e+001  -2.244310e+001 
 -2.230878e+001  -2.244310e+001 
 -2.230878e+001  -2.244310e+001 
 -2.230878e+001  -2.244310e+001 
 -2.230878e+001  -2.244310e+001 
 -2.230878e+001  -2.244310e+001 
 -2.230878e+001  -2.244310e+001 
 -2.230878e+001  -2.244310e+001 
 -2.230878e+001  -2.244310e+001 
 -2.230878e+001  -2.244310e+001 
 -2.230878e+001  -2.244310e+001 
 -2.230878e+001  -2.258771e+001 
 -2.230878e+001  -2.258771e+001 
 -2.230878e+001  -2.258771e+001 
 -2.230878e+001  -2.258771e+001 
 -2.230878e+001  -2.258771e+001 
 -2.230878e+001  -2.258771e+001 
 -2.230878e+001  -2.258771e+001 
 -2.230878e+001  -2.258771e+001 
 -2.230878e+001  -2.258771e+001 
 -2.230878e+001  -2.258771e+001 
 -2.230878e+001  -2.258771e+001 
 -2.230878e+001  -2.258771e+001 
 -2.230878e+001  -2.258771e+001 
 -2.230878e+001  -2.258771e+001 
 -2.230878e+001  -2.258771e+001 
 -2.230878e+001  -2.258771e+001 
 -2.230878e+001  -2.258771e+001 
 -2.230878e+001  -2.258771e+001 
 -2.230878e+001  -2.258771e+001 
 -2.230878e+001  -2.258771e+001 
 -2.230878e+001  -2.258771e+001 
 -2.235740e+001  -2.258771e+001 
 -2.235740e+001  -2.258771e+001 
 -2.235740e+001  -2.258771e+001 
 -2.235740e+001  -2.258771e+001 
 -2.235740e+001  -2.258771e+001 
 -2.235740e+001  -2.258771e+001 
 -2.235740e+001  -2.258771e+001 
 -2.235740e+001  -2.258771e+001 
 -2.235740e+001  -2.258771e+001 
 -2.235740e+001  -2.258771e+001 
 -2.235740e+001  -2.258771e+001 
 -2.235740e+001  -2.258771e+001 
 -2.235740e+001  -2.258771e+001 
 -2.235740e+001  -2.258771e+001 
 -2.235740e+001  -2.258771e+001 
 -2.235740e+001  -2.258771e+001 
 -2.235740e+001  -2.258771e+001 
 -2.235740e+001  -2.258771e+001 
 -2.235740e+001  -2.258771e+001 
 -2.235740e+001  -2.258771e+001 
 -2.235740e+001  -2.258771e+001 
 -2.235740e+001  -2.258771e+001 
 -2.235740e+001  -2.258771e+001 
 -2.235740e+001  -2.258771e+001 
 -2.235740e+001  -2.258771e+001 
 -2.235740e+001  -2.258771e+001 
 -2.235740e+001  -2.258771e+001 
 -2.235740e+001  -2.258771e+001 
 -2.235740e+001  -2.258771e+001 
 -2.235740e+001  -2.258771e+001 
 -2.235740e+001  -2.258771e+001 
 -2.235740e+001  -2.258771e+001 
 -2.235740e+001  -2.258771e+001 
 -2.235740e+001  -2.258771e+001 
 -2.235740e+001  -2.258771e+001 
 -2.235740e+001  -2.258771e+001 
 -2.235740e+001  -2.258771e+001 
 -2.235740e+001  -2.258771e+001 
 -2.235740e+001  -2.258771e+001 
 -2.235740e+001  -2.258771e+001 
 -2.235740e+001  -2.258771e+001 
 -2.235740e+001  -2.258771e+001 
 -2.235740e+001  -2.258771e+001 
 -2.235740e+001  -2.258771e+001 
 -2.235740e+001  -2.258771e+001 
 -2.235740e+001  -2.258771e+001 
 -2.235740e+001  -2.258771e+001 
 -2.235740e+001  -2.258771e+001 
 -2.235740e+001  -2.258771e+001 
 -2.235740e+001  -2.258771e+001 
 -2.235740e+001  -2.258771e+001 
 -2.235740e+001  -2.258771e+001 
 -2.235740e+001  -2.258771e+001 
 -2.235740e+001  -2.258771e+001 
 -2.235740e+001  -2.258771e+001 
 -2.235740e+001  -2.258771e+001 
 -2.235740e+001  -2.258771e+001 
 -2.235740e+001  -2.258771e+001 
 -2.235740e+001  -2.258771e+001 
 -2.235740e+001  -2.258771e+001 
 -2.235740e+001  -2.258771e+001 
 -2.235740e+001  -2.258771e+001 
 -2.235740e+001  -2.258771e+001 
 -2.235740e+001  -2.258771e+001 
 -2.235740e+001  -2.258771e+001 
 -2.235740e+001  -2.258771e+001 
 -2.235740e+001  -2.258771e+001 
 -2.235740e+001  -2.258771e+001 
 -2.235740e+001  -2.258771e+001 
 -2.235740e+001  -2.258771e+001 
 -2.235740e+001  -2.258771e+001 
 -2.235740e+001  -2.258771e+001 
 -2.235740e+001  -2.258771e+001 
 -2.235740e+001  -2.258771e+001 
 -2.235740e+001  -2.258771e+001 
 -2.235740e+001  -2.258771e+001 
 -2.235740e+001  -2.258771e+001 
 -2.235740e+001  -2.258771e+001 
 -2.235740e+001  -2.258771e+001 
 -2.235740e+001  -2.258771e+001 
 -2.235740e+001  -2.258771e+001 
 -2.235740e+001  -2.258771e+001 
 -2.235740e+001  -2.258771e+001 
 -2.235740e+001  -2.258771e+001 
 -2.235740e+001  -2.258771e+001 
 -2.236477e+001  -2.258771e+001 
 -2.236477e+001  -2.258771e+001 
 -2.236477e+001  -2.258771e+001 
 -2.236477e+001  -2.258771e+001 
 -2.236477e+001  -2.258771e+001 
 -2.236477e+001  -2.258771e+001 
 -2.236477e+001  -2.258771e+001 
 -2.236477e+001  -2.258771e+001 
 -2.236477e+001  -2.258771e+001 
 -2.236477e+001  -2.258771e+001 
 -2.236477e+001  -2.258771e+001 
 -2.236477e+001  -2.258771e+001 
 -2.236477e+001  -2.258771e+001 
 -2.236477e+001  -2.258771e+001 
 -2.236477e+001  -2.258771e+001 
 -2.236477e+001  -2.258771e+001 
 -2.236477e+001  -2.258771e+001 
 -2.236477e+001  -2.258771e+001 
 -2.236477e+001  -2.258771e+001 
 -2.236477e+001  -2.258771e+001 
 -2.236477e+001  -2.258771e+001 
 -2.236477e+001  -2.258771e+001 
 -2.236477e+001  -2.258771e+001 
 -2.236477e+001  -2.258771e+001 
 -2.236477e+001  -2.258771e+001 
 -2.236477e+001  -2.258771e+001 
 -2.236477e+001  -2.258771e+001 
 -2.236477e+001  -2.258771e+001 
 -2.236477e+001  -2.258771e+001 
 -2.236477e+001  -2.258771e+001 
 -2.236477e+001  -2.258771e+001 
 -2.240840e+001  -2.258771e+001 
 -2.240840e+001  -2.258771e+001 
 -2.240840e+001  -2.258771e+001 
 -2.240840e+001  -2.258771e+001 
 -2.240840e+001  -2.258771e+001 
 -2.240840e+001  -2.258771e+001 
 -2.240840e+001  -2.258771e+001 
 -2.240840e+001  -2.258771e+001 
 -2.240840e+001  -2.258771e+001 
 -2.240840e+001  -2.258771e+001 
 -2.240840e+001  -2.258771e+001 
 -2.240840e+001  -2.258771e+001 
 -2.240840e+001  -2.258771e+001 
 -2.240840e+001  -2.258771e+001 
 -2.240840e+001  -2.258771e+001 
 -2.247030e+001  -2.258771e+001 
 -2.247030e+001  -2.258771e+001 
 -2.247030e+001  -2.258771e+001 
 -2.247030e+001  -2.258771e+001 
 -2.247030e+001  -2.258771e+001 
 -2.247030e+001  -2.258771e+001 
 -2.247030e+001  -2.258771e+001 
 -2.247030e+001  -2.258771e+001 
 -2.247030e+001  -2.258771e+001 
 -2.247030e+001  -2.258771e+001 
 -2.247030e+001  -2.258771e+001 
 -2.247030e+001  -2.258771e+001 
 -2.247030e+001  -2.258771e+001 
 -2.247030e+001  -2.258771e+001 
 -2.247030e+001  -2.258771e+001 
 -2.247030e+001  -2.258771e+001 
 -2.247030e+001  -2.260378e+001 
 -2.247030e+001  -2.260378e+001 
 -2.247030e+001  -2.260378e+001 
 -2.247030e+001  -2.260378e+001 
 -2.247030e+001  -2.260378e+001 
 -2.247030e+001  -2.260378e+001 
 -2.247030e+001  -2.260378e+001 
 -2.247030e+001  -2.260378e+001 
 -2.247030e+001  -2.260378e+001 
 -2.247030e+001  -2.260378e+001 
 -2.247030e+001  -2.260378e+001 
 -2.247030e+001  -2.260378e+001 
 -2.247030e+001  -2.260378e+001 
 -2.247030e+001  -2.260378e+001 
 -2.247030e+001  -2.260378e+001 
 -2.247030e+001  -2.260378e+001 
 -2.247030e+001  -2.260378e+001 
 -2.247030e+001  -2.260378e+001 
 -2.247030e+001  -2.260378e+001 
 -2.247030e+001  -2.260378e+001 
 -2.247030e+001  -2.260378e+001 
 -2.247030e+001  -2.260378e+001 
 -2.247030e+001  -2.260378e+001 
 -2.247030e+001  -2.260378e+001 
 -2.247030e+001  -2.260378e+001 
 -2.247030e+001  -2.260378e+001 
 -2.247030e+001  -2.260378e+001 
 -2.247030e+001  -2.260378e+001 
 -2.247030e+001  -2.260378e+001 
 -2.247030e+001  -2.260378e+001 
 -2.247030e+001  -2.260378e+001 
 -2.247030e+001  -2.260378e+001 
 -2.247030e+001  -2.260378e+001 
 -2.247030e+001  -2.260378e+001 
 -2.247030e+001  -2.260378e+001 
 -2.247030e+001  -2.260378e+001 
 -2.247030e+001  -2.260378e+001 
 -2.247030e+001  -2.260378e+001 
 -2.247030e+001  -2.260378e+001 
 -2.247030e+001  -2.260378e+001 
 -2.247030e+001  -2.260378e+001 
 -2.247030e+001  -2.260378e+001 
 -2.247030e+001  -2.260378e+001 
 -2.247030e+001  -2.260378e+001 
 -2.247030e+001  -2.260378e+001 
 -2.247030e+001  -2.260378e+001 
 -2.247030e+001  -2.260378e+001 
 -2.247030e+001  -2.260378e+001 
 -2.247030e+001  -2.260378e+001 
 -2.253672e+001  -2.260378e+001 
 -2.253672e+001  -2.260378e+001 
 -2.253672e+001  -2.260378e+001 
 -2.253672e+001  -2.260378e+001 
 -2.253672e+001  -2.261819e+001 
 -2.253672e+001  -2.261819e+001 
 -2.253672e+001  -2.261819e+001 
 -2.253672e+001  -2.261819e+001 
 -2.253672e+001  -2.261819e+001 
 -2.253672e+001  -2.261819e+001 
 -2.253672e+001  -2.261819e+001 
 -2.253672e+001  -2.261819e+001 
 -2.253672e+001  -2.261819e+001 
 -2.253672e+001  -2.261819e+001 
 -2.253672e+001  -2.261819e+001 
 -2.253672e+001  -2.261819e+001 
 -2.253672e+001  -2.261819e+001 
 -2.253672e+001  -2.261819e+001 
 -2.253672e+001  -2.261819e+001 
 -2.253672e+001  -2.261819e+001 
 -2.253672e+001  -2.261819e+001 
 -2.253672e+001  -2.261819e+001 
 -2.253672e+001  -2.261819e+001 
 -2.253672e+001  -2.261819e+001 
 -2.253672e+001  -2.261819e+001 
 -2.253672e+001  -2.261819e+001 
 -2.253672e+001  -2.261819e+001 
 -2.253672e+001  -2.261819e+001 
 -2.253672e+001  -2.261819e+001 
 -2.253672e+001  -2.261819e+001 
 -2.253672e+001  -2.261819e+001 
 -2.253672e+001  -2.261819e+001 
 -2.253672e+001  -2.261819e+001 
 -2.253672e+001  -2.261819e+001 
 -2.253672e+001  -2.261819e+001 
 -2.253672e+001  -2.261819e+001 
 -2.253672e+001  -2.261819e+001 
 -2.253672e+001  -2.261819e+001 
 -2.253672e+001  -2.261819e+001 
 -2.255472e+001  -2.261819e+001 
 -2.255472e+001  -2.261819e+001 
 -2.255518e+001  -2.261819e+001 
 -2.255518e+001  -2.261819e+001 
 -2.255518e+001  -2.261819e+001 
 -2.256996e+001  -2.261819e+001 
 -2.256996e+001  -2.261819e+001 
 -2.256996e+001  -2.261819e+001 
 -2.256996e+001  -2.261819e+001 
 -2.256996e+001  -2.261819e+001 
 -2.256996e+001  -2.261819e+001 
 -2.256996e+001  -2.261819e+001 
 -2.256996e+001  -2.261819e+001 
 -2.256996e+001  -2.261819e+001 
 -2.256996e+001  -2.261819e+001 
 -2.256996e+001  -2.261819e+001 
 -2.256996e+001  -2.261819e+001 
 -2.256996e+001  -2.261819e+001 
 -2.256996e+001  -2.261819e+001 
 -2.256996e+001  -2.261819e+001 
 -2.256996e+001  -2.261819e+001 
 -2.256996e+001  -2.261819e+001 
 -2.256996e+001  -2.261819e+001 
 -2.256996e+001  -2.261819e+001 
 -2.256996e+001  -2.261819e+001 
 -2.256996e+001  -2.261819e+001 
 -2.256996e+001  -2.261819e+001 
 -2.256996e+001  -2.261819e+001 
 -2.256996e+001  -2.261819e+001 
 -2.256996e+001  -2.261819e+001 
 -2.256996e+001  -2.261819e+001 
 -2.256996e+001  -2.261819e+001 
 -2.256996e+001  -2.261819e+001 
 -2.256996e+001  -2.261819e+001 
 -2.256996e+001  -2.261819e+001 
 -2.256996e+001  -2.261819e+001 
 -2.256996e+001  -2.261819e+001 
 -2.256996e+001  -2.261819e+001 
 -2.256996e+001  -2.261819e+001 
 -2.256996e+001  -2.261819e+001 
 -2.256996e+001  -2.261819e+001 
 -2.256996e+001  -2.261819e+001 
 -2.256996e+001  -2.261819e+001 
 -2.256996e+001  -2.261819e+001 
 -2.256996e+001  -2.261819e+001 
 -2.256996e+001  -2.261819e+001 
 -2.256996e+001  -2.261819e+001 
 -2.256996e+001  -2.261819e+001 
 -2.256996e+001  -2.261819e+001 
 -2.256996e+001  -2.261819e+001 
 -2.256996e+001  -2.261819e+001 
 -2.256996e+001  -2.261819e+001 
 -2.256996e+001  -2.261819e+001 
 -2.256996e+001  -2.261819e+001 
 -2.256996e+001  -2.261819e+001 
 -2.256996e+001  -2.261819e+001 
 -2.256996e+001  -2.261819e+001 
 -2.256996e+001  -2.261819e+001 
 -2.256996e+001  -2.261819e+001 
 -2.256996e+001  -2.261819e+001 
 -2.256996e+001  -2.261819e+001 
 -2.256996e+001  -2.261819e+001 
 -2.256996e+001  -2.261819e+001 
 -2.256996e+001  -2.261819e+001 
 -2.256996e+001  -2.261819e+001 
 -2.256996e+001  -2.261819e+001 
 -2.256996e+001  -2.261819e+001 
 -2.256996e+001  -2.261819e+001 
 -2.256996e+001  -2.261819e+001 
 -2.256996e+001  -2.261819e+001 
 -2.256996e+001  -2.261819e+001 
 -2.256996e+001  -2.261819e+001 
 -2.256996e+001  -2.261819e+001 
 -2.256996e+001  -2.261819e+001 
 -2.256996e+001  -2.261819e+001 
 -2.256996e+001  -2.261819e+001 
 -2.256996e+001  -2.261819e+001 
 -2.256996e+001  -2.261819e+001 
 -2.256996e+001  -2.261819e+001 
 -2.256996e+001  -2.261819e+001 
 -2.256996e+001  -2.262688e+001 
 -2.256996e+001  -2.262688e+001 
 -2.256996e+001  -2.262688e+001 
 -2.256996e+001  -2.262688e+001 
 -2.256996e+001  -2.262688e+001 
 -2.256996e+001  -2.262688e+001 
 -2.256996e+001  -2.262688e+001 
 -2.256996e+001  -2.262688e+001 
 -2.256996e+001  -2.262688e+001 
 -2.256996e+001  -2.262688e+001 
 -2.256996e+001  -2.262688e+001 
 -2.256996e+001  -2.262688e+001 
 -2.256996e+001  -2.262688e+001 
 -2.256996e+001  -2.262688e+001 
 -2.256996e+001  -2.262688e+001 
 -2.256996e+001  -2.262688e+001 
 -2.256996e+001  -2.262688e+001 
 -2.256996e+001  -2.262688e+001 
 -2.256996e+001  -2.262688e+001 
 -2.256996e+001  -2.262688e+001 
 -2.256996e+001  -2.262688e+001 
 -2.256996e+001  -2.262688e+001 
 -2.256996e+001  -2.262688e+001 
 -2.256996e+001  -2.262688e+001 
 -2.256996e+001  -2.262688e+001 
 -2.256996e+001  -2.262688e+001 
 -2.256996e+001  -2.262688e+001 
 -2.256996e+001  -2.262688e+001 
 -2.256996e+001  -2.262688e+001 
 -2.256996e+001  -2.262688e+001 
 -2.256996e+001  -2.262688e+001 
 -2.256996e+001  -2.262688e+001 
 -2.256996e+001  -2.262688e+001 
 -2.256996e+001  -2.262688e+001 
 -2.256996e+001  -2.262688e+001 
 -2.256996e+001  -2.262688e+001 
 -2.256996e+001  -2.262688e+001 
 -2.256996e+001  -2.262688e+001 
 -2.256996e+001  -2.262688e+001 
 -2.256996e+001  -2.262688e+001 
 -2.256996e+001  -2.262688e+001 
 -2.256996e+001  -2.262688e+001 
 -2.256996e+001  -2.262688e+001 
 -2.256996e+001  -2.262688e+001 
 -2.256996e+001  -2.262688e+001 
 -2.256996e+001  -2.262688e+001 
 -2.256996e+001  -2.262688e+001 
 -2.256996e+001  -2.262688e+001 
 -2.256996e+001  -2.262688e+001 
 -2.256996e+001  -2.262688e+001 
 -2.256996e+001  -2.262688e+001 
 -2.256996e+001  -2.262688e+001 
 -2.256996e+001  -2.262688e+001 
 -2.256996e+001  -2.262688e+001 
 -2.256996e+001  -2.262688e+001 
 -2.256996e+001  -2.262688e+001 
 -2.256996e+001  -2.262688e+001 
 -2.256996e+001  -2.262688e+001 
 -2.256996e+001  -2.262688e+001 
 -2.256996e+001  -2.262688e+001 
 -2.256996e+001  -2.262688e+001 
 -2.256996e+001  -2.262688e+001 
 -2.256996e+001  -2.262688e+001 
 -2.256996e+001  -2.262688e+001 
 -2.256996e+001  -2.262688e+001 
 -2.256996e+001  -2.262688e+001 
 -2.256996e+001  -2.262688e+001 
 -2.256996e+001  -2.262688e+001 
 -2.256996e+001  -2.262688e+001 
 -2.256996e+001  -2.262688e+001 
 -2.256996e+001  -2.262688e+001 
 -2.256996e+001  -2.262688e+001 
 -2.256996e+001  -2.262688e+001 
 -2.260151e+001  -2.262688e+001 
 -2.260151e+001  -2.262688e+001 
 -2.260151e+001  -2.262688e+001 
 -2.260151e+001  -2.262688e+001 
 -2.260151e+001  -2.263359e+001 
 -2.260151e+001  -2.263359e+001 
 -2.260151e+001  -2.263359e+001 
 -2.260151e+001  -2.263359e+001 
 -2.260151e+001  -2.263359e+001 
 -2.260151e+001  -2.263359e+001 
 -2.260151e+001  -2.263359e+001 
 -2.260151e+001  -2.263359e+001 
 -2.260151e+001  -2.263359e+001 
 -2.260151e+001  -2.263359e+001 
 -2.260151e+001  -2.263359e+001 
 -2.260151e+001  -2.263359e+001 
 -2.260151e+001  -2.263359e+001 
 -2.260151e+001  -2.263359e+001 
 -2.260151e+001  -2.263359e+001 
 -2.260151e+001  -2.263359e+001 
 -2.260151e+001  -2.263359e+001 
 -2.260151e+001  -2.263359e+001 
 -2.260151e+001  -2.263359e+001 
 -2.260151e+001  -2.263359e+001 
 -2.260151e+001  -2.263359e+001 
 -2.260151e+001  -2.263359e+001 
 -2.260151e+001  -2.263359e+001 
 -2.260151e+001  -2.263359e+001 
 -2.260151e+001  -2.263359e+001 
 -2.260151e+001  -2.263359e+001 
 -2.260151e+001  -2.263359e+001 
 -2.260151e+001  -2.263359e+001 
 -2.260151e+001  -2.263359e+001 
 -2.260151e+001  -2.263359e+001 
 -2.260151e+001  -2.263359e+001 
 -2.260151e+001  -2.263359e+001 
 -2.260151e+001  -2.263359e+001 
 -2.260151e+001  -2.263359e+001 
 -2.260151e+001  -2.263359e+001 
 -2.260151e+001  -2.263359e+001 
 -2.260151e+001  -2.263359e+001 
 -2.260151e+001  -2.263359e+001 
 -2.260303e+001  -2.263359e+001 
 -2.260303e+001  -2.263359e+001 
 -2.260303e+001  -2.263359e+001 
 -2.260303e+001  -2.263359e+001 
 -2.260303e+001  -2.263359e+001 
 -2.260303e+001  -2.263359e+001 
 -2.260303e+001  -2.263359e+001 
 -2.260303e+001  -2.263359e+001 
 -2.260303e+001  -2.263359e+001 
 -2.260303e+001  -2.263359e+001 
 -2.260303e+001  -2.263359e+001 
 -2.260303e+001  -2.263359e+001 
 -2.260303e+001  -2.263359e+001 
 -2.260303e+001  -2.263359e+001 
 -2.260303e+001  -2.263359e+001 
 -2.260303e+001  -2.263359e+001 
 -2.260303e+001  -2.263359e+001 
 -2.260303e+001  -2.263359e+001 
 -2.260303e+001  -2.263359e+001 
 -2.260303e+001  -2.263359e+001 
 -2.260303e+001  -2.263359e+001 
 -2.260303e+001  -2.263359e+001 
 -2.260303e+001  -2.263359e+001 
 -2.260303e+001  -2.263359e+001 
 -2.260303e+001  -2.263359e+001 
 -2.260303e+001  -2.263359e+001 
 -2.260303e+001  -2.263359e+001 
 -2.260303e+001  -2.263359e+001 
 -2.263444e+001  -2.263359e+001 
 -2.263444e+001  -2.263359e+001 
 -2.263444e+001  -2.263359e+001 
 -2.263444e+001  -2.263359e+001 
 -2.263444e+001  -2.263359e+001 
 -2.263903e+001  -2.263359e+001 
 -2.263903e+001  -2.263359e+001 
 -2.263903e+001  -2.263359e+001 
 -2.263903e+001  -2.263359e+001 
 -2.263903e+001  -2.263359e+001 
 -2.263903e+001  -2.263359e+001 
 -2.263903e+001  -2.263359e+001 
 -2.263903e+001  -2.263359e+001 
 -2.263903e+001  -2.263359e+001 
 -2.263903e+001  -2.263359e+001 
 -2.263903e+001  -2.263359e+001 
 -2.263903e+001  -2.263359e+001 
 -2.265207e+001  -2.263359e+001 
 -2.265207e+001  -2.263359e+001 
 -2.265207e+001  -2.263359e+001 
 -2.265207e+001  -2.263359e+001 
 -2.265207e+001  -2.263359e+001 
 -2.265207e+001  -2.263359e+001 
 -2.265207e+001  -2.263359e+001 
 -2.265207e+001  -2.263359e+001 
 -2.265207e+001  -2.263359e+001 
 -2.265207e+001  -2.263359e+001 
 -2.265207e+001  -2.263359e+001 
 -2.265207e+001  -2.263359e+001 
 -2.265207e+001  -2.263359e+001 
 -2.265207e+001  -2.263359e+001 
 -2.265207e+001  -2.263359e+001 
 -2.265207e+001  -2.263359e+001 
 -2.265207e+001  -2.263359e+001 
 -2.265207e+001  -2.263359e+001 
 -2.265207e+001  -2.265656e+001 
 -2.265207e+001  -2.265656e+001 
 -2.265207e+001  -2.265656e+001 
 -2.265207e+001  -2.265656e+001 
 -2.265207e+001  -2.265656e+001 
 -2.265207e+001  -2.265656e+001 
 -2.265207e+001  -2.265656e+001 
 -2.265207e+001  -2.265656e+001 
 -2.265207e+001  -2.265656e+001 
 -2.265207e+001  -2.265656e+001 
 -2.265207e+001  -2.265656e+001 
 -2.265207e+001  -2.265656e+001 
 -2.265207e+001  -2.265656e+001 
 -2.265207e+001  -2.265656e+001 
 -2.265207e+001  -2.265656e+001 
 -2.265207e+001  -2.265656e+001 
 -2.265207e+001  -2.265656e+001 
 -2.265207e+001  -2.265656e+001 
 -2.265207e+001  -2.265656e+001 
 -2.265207e+001  -2.265656e+001 
 -2.267305e+001  -2.265656e+001 
 -2.267305e+001  -2.265656e+001 
 -2.267305e+001  -2.265656e+001 
 -2.267305e+001  -2.265656e+001 
 -2.267305e+001  -2.265656e+001 
 -2.267305e+001  -2.265656e+001 
 -2.267305e+001  -2.265656e+001 
 -2.267305e+001  -2.265656e+001 
 -2.267305e+001  -2.265656e+001 
 -2.267305e+001  -2.265656e+001 
 -2.267305e+001  -2.265656e+001 
 -2.267305e+001  -2.265656e+001 
 -2.267305e+001  -2.265656e+001 
 -2.267305e+001  -2.265656e+001 
 -2.267305e+001  -2.265656e+001 
 -2.267305e+001  -2.265656e+001 
 -2.267305e+001  -2.265656e+001 
 -2.267305e+001  -2.265656e+001 
 -2.267305e+001  -2.265656e+001 
 -2.267305e+001  -2.265656e+001 
 -2.267305e+001  -2.265656e+001 
 -2.267305e+001  -2.265656e+001 
 -2.267305e+001  -2.265656e+001 
 -2.267305e+001  -2.265656e+001 
 -2.267305e+001  -2.265656e+001 
 -2.267305e+001  -2.265656e+001 
 -2.267305e+001  -2.265656e+001 
 -2.267305e+001  -2.265915e+001 
 -2.267305e+001  -2.265915e+001 
 -2.267305e+001  -2.265915e+001 
 -2.267305e+001  -2.265915e+001 
 -2.267305e+001  -2.265915e+001 
 -2.267305e+001  -2.265915e+001 
 -2.267305e+001  -2.265915e+001 
 -2.267305e+001  -2.265915e+001 
 -2.267305e+001  -2.265915e+001 
 -2.267305e+001  -2.265915e+001 
 -2.267305e+001  -2.265915e+001 
 -2.267305e+001  -2.266613e+001 
 -2.267305e+001  -2.266613e+001 
 -2.267305e+001  -2.266613e+001 
 -2.267305e+001  -2.266613e+001 
 -2.267305e+001  -2.266613e+001 
 -2.267305e+001  -2.266613e+001 
 -2.267305e+001  -2.266613e+001 
 -2.267305e+001  -2.266613e+001 
 -2.267305e+001  -2.266613e+001 
 -2.267305e+001  -2.266613e+001 
 -2.267305e+001  -2.266613e+001 
 -2.267305e+001  -2.266613e+001 
 -2.267305e+001  -2.266613e+001 
 -2.267305e+001  -2.266613e+001 
 -2.267305e+001  -2.266613e+001 
 -2.267305e+001  -2.266613e+001 
 -2.267305e+001  -2.266613e+001 
 -2.267305e+001  -2.266613e+001 
 -2.267305e+001  -2.266613e+001 
 -2.267305e+001  -2.266613e+001 
 -2.267305e+001  -2.266613e+001 
 -2.267305e+001  -2.266613e+001 
 -2.267305e+001  -2.266613e+001 
 -2.267305e+001  -2.266613e+001 
 -2.267305e+001  -2.266613e+001 
 -2.267305e+001  -2.266613e+001 
 -2.267305e+001  -2.266613e+001 
 -2.267305e+001  -2.266613e+001 
 -2.267305e+001  -2.266613e+001 
 -2.267305e+001  -2.266613e+001 
 -2.267305e+001  -2.266613e+001 
 -2.267305e+001  -2.266613e+001 
 -2.267305e+001  -2.266613e+001 
 -2.267305e+001  -2.266613e+001 
 -2.267305e+001  -2.266613e+001 
 -2.267305e+001  -2.266613e+001 
 -2.267305e+001  -2.266613e+001 
 -2.267305e+001  -2.266613e+001 
 -2.267305e+001  -2.266613e+001 
 -2.267305e+001  -2.266613e+001 
 -2.267305e+001  -2.266613e+001 
 -2.267305e+001  -2.266613e+001 
 -2.267305e+001  -2.266613e+001 
 -2.267305e+001  -2.266613e+001 
 -2.267305e+001  -2.266613e+001 
 -2.267305e+001  -2.266613e+001 
 -2.267305e+001  -2.266613e+001 
